{"C:\\Users\\user\\Desktop\\FP-acadamy\\side_project\\Personal_Assistance\\PA-Server\\db.config.js": {"path":"C:\\Users\\user\\Desktop\\FP-acadamy\\side_project\\Personal_Assistance\\PA-Server\\db.config.js","statementMap":{"0":{"start":{"line":1,"column":17},"end":{"line":1,"column":30}},"1":{"start":{"line":4,"column":13},"end":{"line":11,"column":2}},"2":{"start":{"line":14,"column":0},"end":{"line":14,"column":22}}},"fnMap":{},"branchMap":{},"s":{"0":4,"1":4,"2":4},"f":{},"b":{},"_coverageSchema":"1a1c01bbd47fc00a2c39e90264f33305004495a9","hash":"0bdc3ac4ef42fb8da45801f187fba4c2435b0ebc"}
,"C:\\Users\\user\\Desktop\\FP-acadamy\\side_project\\Personal_Assistance\\PA-Server\\server.js": {"path":"C:\\Users\\user\\Desktop\\FP-acadamy\\side_project\\Personal_Assistance\\PA-Server\\server.js","statementMap":{"0":{"start":{"line":1,"column":16},"end":{"line":1,"column":34}},"1":{"start":{"line":2,"column":19},"end":{"line":2,"column":41}},"2":{"start":{"line":3,"column":13},"end":{"line":3,"column":28}},"3":{"start":{"line":4,"column":15},"end":{"line":4,"column":24}},"4":{"start":{"line":5,"column":0},"end":{"line":5,"column":27}},"5":{"start":{"line":7,"column":19},"end":{"line":7,"column":50}},"6":{"start":{"line":8,"column":26},"end":{"line":8,"column":63}},"7":{"start":{"line":9,"column":19},"end":{"line":9,"column":51}},"8":{"start":{"line":10,"column":18},"end":{"line":10,"column":49}},"9":{"start":{"line":12,"column":0},"end":{"line":12,"column":19}},"10":{"start":{"line":13,"column":0},"end":{"line":13,"column":27}},"11":{"start":{"line":15,"column":0},"end":{"line":15,"column":32}},"12":{"start":{"line":16,"column":0},"end":{"line":16,"column":41}},"13":{"start":{"line":17,"column":0},"end":{"line":17,"column":33}},"14":{"start":{"line":18,"column":0},"end":{"line":18,"column":31}},"15":{"start":{"line":21,"column":0},"end":{"line":21,"column":75}},"16":{"start":{"line":21,"column":30},"end":{"line":21,"column":74}},"17":{"start":{"line":24,"column":0},"end":{"line":24,"column":23}}},"fnMap":{"0":{"name":"(anonymous_0)","decl":{"start":{"line":21,"column":16},"end":{"line":21,"column":17}},"loc":{"start":{"line":21,"column":30},"end":{"line":21,"column":74}},"line":21}},"branchMap":{},"s":{"0":4,"1":4,"2":4,"3":4,"4":4,"5":4,"6":4,"7":4,"8":4,"9":4,"10":4,"11":4,"12":4,"13":4,"14":4,"15":4,"16":0,"17":4},"f":{"0":0},"b":{},"_coverageSchema":"1a1c01bbd47fc00a2c39e90264f33305004495a9","hash":"05077a56c44f3c168a4f5ad8a8e8ca7958c015e8"}
,"C:\\Users\\user\\Desktop\\FP-acadamy\\side_project\\Personal_Assistance\\PA-Server\\controllers\\eventsController.js": {"path":"C:\\Users\\user\\Desktop\\FP-acadamy\\side_project\\Personal_Assistance\\PA-Server\\controllers\\eventsController.js","statementMap":{"0":{"start":{"line":1,"column":14},"end":{"line":1,"column":40}},"1":{"start":{"line":5,"column":4},"end":{"line":11,"column":5}},"2":{"start":{"line":6,"column":23},"end":{"line":6,"column":62}},"3":{"start":{"line":7,"column":8},"end":{"line":7,"column":36}},"4":{"start":{"line":10,"column":8},"end":{"line":10,"column":63}},"5":{"start":{"line":14,"column":0},"end":{"line":14,"column":29}}},"fnMap":{"0":{"name":"getEvents","decl":{"start":{"line":4,"column":15},"end":{"line":4,"column":24}},"loc":{"start":{"line":4,"column":34},"end":{"line":12,"column":1}},"line":4}},"branchMap":{},"s":{"0":4,"1":2,"2":2,"3":1,"4":1,"5":4},"f":{"0":2},"b":{},"_coverageSchema":"1a1c01bbd47fc00a2c39e90264f33305004495a9","hash":"947feef3405fb346f72862bc25786caa968a551c"}
,"C:\\Users\\user\\Desktop\\FP-acadamy\\side_project\\Personal_Assistance\\PA-Server\\controllers\\newTaskEventController.js": {"path":"C:\\Users\\user\\Desktop\\FP-acadamy\\side_project\\Personal_Assistance\\PA-Server\\controllers\\newTaskEventController.js","statementMap":{"0":{"start":{"line":1,"column":13},"end":{"line":1,"column":38}},"1":{"start":{"line":2,"column":14},"end":{"line":2,"column":40}},"2":{"start":{"line":6,"column":4},"end":{"line":29,"column":5}},"3":{"start":{"line":7,"column":8},"end":{"line":26,"column":9}},"4":{"start":{"line":8,"column":25},"end":{"line":13,"column":14}},"5":{"start":{"line":14,"column":12},"end":{"line":14,"column":38}},"6":{"start":{"line":15,"column":14},"end":{"line":26,"column":9}},"7":{"start":{"line":16,"column":26},"end":{"line":22,"column":14}},"8":{"start":{"line":23,"column":12},"end":{"line":23,"column":39}},"9":{"start":{"line":25,"column":12},"end":{"line":25,"column":41}},"10":{"start":{"line":28,"column":8},"end":{"line":28,"column":59}},"11":{"start":{"line":32,"column":0},"end":{"line":32,"column":33}}},"fnMap":{"0":{"name":"createRequest","decl":{"start":{"line":5,"column":15},"end":{"line":5,"column":28}},"loc":{"start":{"line":5,"column":38},"end":{"line":30,"column":1}},"line":5}},"branchMap":{"0":{"loc":{"start":{"line":7,"column":8},"end":{"line":26,"column":9}},"type":"if","locations":[{"start":{"line":7,"column":8},"end":{"line":26,"column":9}},{"start":{"line":15,"column":14},"end":{"line":26,"column":9}}],"line":7},"1":{"loc":{"start":{"line":15,"column":14},"end":{"line":26,"column":9}},"type":"if","locations":[{"start":{"line":15,"column":14},"end":{"line":26,"column":9}},{"start":{"line":24,"column":13},"end":{"line":26,"column":9}}],"line":15}},"s":{"0":4,"1":4,"2":8,"3":8,"4":4,"5":1,"6":4,"7":4,"8":1,"9":0,"10":6,"11":4},"f":{"0":8},"b":{"0":[4,4],"1":[4,0]},"_coverageSchema":"1a1c01bbd47fc00a2c39e90264f33305004495a9","hash":"fad25406e020e766db61bdaaf82703bf1f357fc9"}
,"C:\\Users\\user\\Desktop\\FP-acadamy\\side_project\\Personal_Assistance\\PA-Server\\controllers\\tasksController.js": {"path":"C:\\Users\\user\\Desktop\\FP-acadamy\\side_project\\Personal_Assistance\\PA-Server\\controllers\\tasksController.js","statementMap":{"0":{"start":{"line":1,"column":13},"end":{"line":1,"column":38}},"1":{"start":{"line":5,"column":4},"end":{"line":10,"column":5}},"2":{"start":{"line":6,"column":22},"end":{"line":6,"column":60}},"3":{"start":{"line":7,"column":8},"end":{"line":7,"column":35}},"4":{"start":{"line":9,"column":8},"end":{"line":9,"column":62}},"5":{"start":{"line":13,"column":0},"end":{"line":13,"column":28}}},"fnMap":{"0":{"name":"getTasks","decl":{"start":{"line":4,"column":15},"end":{"line":4,"column":23}},"loc":{"start":{"line":4,"column":33},"end":{"line":11,"column":1}},"line":4}},"branchMap":{},"s":{"0":4,"1":2,"2":2,"3":1,"4":1,"5":4},"f":{"0":2},"b":{},"_coverageSchema":"1a1c01bbd47fc00a2c39e90264f33305004495a9","hash":"1b25facc15c3b2debf952413daf67119c5840cf7"}
,"C:\\Users\\user\\Desktop\\FP-acadamy\\side_project\\Personal_Assistance\\PA-Server\\controllers\\usersController.js": {"path":"C:\\Users\\user\\Desktop\\FP-acadamy\\side_project\\Personal_Assistance\\PA-Server\\controllers\\usersController.js","statementMap":{"0":{"start":{"line":1,"column":13},"end":{"line":1,"column":39}},"1":{"start":{"line":2,"column":15},"end":{"line":2,"column":32}},"2":{"start":{"line":3,"column":12},"end":{"line":3,"column":35}},"3":{"start":{"line":6,"column":4},"end":{"line":11,"column":5}},"4":{"start":{"line":7,"column":22},"end":{"line":7,"column":36}},"5":{"start":{"line":8,"column":8},"end":{"line":8,"column":36}},"6":{"start":{"line":10,"column":8},"end":{"line":10,"column":36}},"7":{"start":{"line":15,"column":4},"end":{"line":26,"column":5}},"8":{"start":{"line":16,"column":21},"end":{"line":16,"column":43}},"9":{"start":{"line":17,"column":23},"end":{"line":17,"column":65}},"10":{"start":{"line":18,"column":21},"end":{"line":22,"column":10}},"11":{"start":{"line":23,"column":8},"end":{"line":23,"column":34}},"12":{"start":{"line":25,"column":8},"end":{"line":25,"column":61}},"13":{"start":{"line":30,"column":4},"end":{"line":56,"column":9}},"14":{"start":{"line":31,"column":21},"end":{"line":31,"column":61}},"15":{"start":{"line":32,"column":8},"end":{"line":32,"column":70}},"16":{"start":{"line":32,"column":19},"end":{"line":32,"column":69}},"17":{"start":{"line":33,"column":23},"end":{"line":33,"column":77}},"18":{"start":{"line":35,"column":8},"end":{"line":52,"column":9}},"19":{"start":{"line":36,"column":23},"end":{"line":36,"column":34}},"20":{"start":{"line":37,"column":27},"end":{"line":37,"column":49}},"21":{"start":{"line":38,"column":26},"end":{"line":40,"column":14}},"22":{"start":{"line":42,"column":12},"end":{"line":48,"column":14}},"23":{"start":{"line":51,"column":12},"end":{"line":51,"column":62}},"24":{"start":{"line":55,"column":12},"end":{"line":55,"column":91}},"25":{"start":{"line":60,"column":4},"end":{"line":60,"column":20}},"26":{"start":{"line":63,"column":0},"end":{"line":63,"column":72}}},"fnMap":{"0":{"name":"display","decl":{"start":{"line":5,"column":15},"end":{"line":5,"column":22}},"loc":{"start":{"line":5,"column":33},"end":{"line":12,"column":1}},"line":5},"1":{"name":"registerRequest","decl":{"start":{"line":14,"column":15},"end":{"line":14,"column":30}},"loc":{"start":{"line":14,"column":40},"end":{"line":27,"column":1}},"line":14},"2":{"name":"loginRequest","decl":{"start":{"line":29,"column":15},"end":{"line":29,"column":27}},"loc":{"start":{"line":29,"column":38},"end":{"line":57,"column":1}},"line":29},"3":{"name":"getUserInfo","decl":{"start":{"line":59,"column":15},"end":{"line":59,"column":26}},"loc":{"start":{"line":59,"column":36},"end":{"line":61,"column":1}},"line":59}},"branchMap":{"0":{"loc":{"start":{"line":32,"column":8},"end":{"line":32,"column":70}},"type":"if","locations":[{"start":{"line":32,"column":8},"end":{"line":32,"column":70}},{"start":{},"end":{}}],"line":32},"1":{"loc":{"start":{"line":35,"column":8},"end":{"line":52,"column":9}},"type":"if","locations":[{"start":{"line":35,"column":8},"end":{"line":52,"column":9}},{"start":{"line":50,"column":15},"end":{"line":52,"column":9}}],"line":35}},"s":{"0":4,"1":4,"2":4,"3":1,"4":1,"5":1,"6":0,"7":0,"8":0,"9":0,"10":0,"11":0,"12":0,"13":2,"14":2,"15":1,"16":0,"17":1,"18":1,"19":1,"20":1,"21":1,"22":1,"23":0,"24":1,"25":0,"26":4},"f":{"0":1,"1":0,"2":2,"3":0},"b":{"0":[0,1],"1":[1,0]},"_coverageSchema":"1a1c01bbd47fc00a2c39e90264f33305004495a9","hash":"1cf77ac2aefab744f9a68ddb7e05c83f83d127f5"}
,"C:\\Users\\user\\Desktop\\FP-acadamy\\side_project\\Personal_Assistance\\PA-Server\\models\\Event.js": {"path":"C:\\Users\\user\\Desktop\\FP-acadamy\\side_project\\Personal_Assistance\\PA-Server\\models\\Event.js","statementMap":{"0":{"start":{"line":1,"column":11},"end":{"line":1,"column":34}},"1":{"start":{"line":4,"column":0},"end":{"line":40,"column":2}},"2":{"start":{"line":6,"column":8},"end":{"line":6,"column":35}},"3":{"start":{"line":7,"column":8},"end":{"line":7,"column":34}},"4":{"start":{"line":8,"column":8},"end":{"line":8,"column":32}},"5":{"start":{"line":9,"column":8},"end":{"line":9,"column":44}},"6":{"start":{"line":10,"column":8},"end":{"line":10,"column":30}},"7":{"start":{"line":11,"column":8},"end":{"line":11,"column":30}},"8":{"start":{"line":15,"column":8},"end":{"line":26,"column":11}},"9":{"start":{"line":16,"column":12},"end":{"line":25,"column":13}},"10":{"start":{"line":17,"column":66},"end":{"line":17,"column":74}},"11":{"start":{"line":18,"column":31},"end":{"line":18,"column":186}},"12":{"start":{"line":19,"column":29},"end":{"line":19,"column":56}},"13":{"start":{"line":20,"column":16},"end":{"line":20,"column":33}},"14":{"start":{"line":23,"column":16},"end":{"line":23,"column":33}},"15":{"start":{"line":24,"column":16},"end":{"line":24,"column":53}},"16":{"start":{"line":30,"column":8},"end":{"line":38,"column":10}},"17":{"start":{"line":31,"column":12},"end":{"line":37,"column":13}},"18":{"start":{"line":32,"column":31},"end":{"line":32,"column":100}},"19":{"start":{"line":33,"column":29},"end":{"line":33,"column":70}},"20":{"start":{"line":33,"column":51},"end":{"line":33,"column":68}},"21":{"start":{"line":34,"column":16},"end":{"line":34,"column":32}},"22":{"start":{"line":36,"column":16},"end":{"line":36,"column":44}}},"fnMap":{"0":{"name":"(anonymous_0)","decl":{"start":{"line":5,"column":4},"end":{"line":5,"column":5}},"loc":{"start":{"line":5,"column":21},"end":{"line":12,"column":5}},"line":5},"1":{"name":"(anonymous_1)","decl":{"start":{"line":14,"column":4},"end":{"line":14,"column":5}},"loc":{"start":{"line":14,"column":27},"end":{"line":27,"column":5}},"line":14},"2":{"name":"(anonymous_2)","decl":{"start":{"line":15,"column":28},"end":{"line":15,"column":29}},"loc":{"start":{"line":15,"column":55},"end":{"line":26,"column":9}},"line":15},"3":{"name":"(anonymous_3)","decl":{"start":{"line":29,"column":4},"end":{"line":29,"column":5}},"loc":{"start":{"line":29,"column":31},"end":{"line":39,"column":5}},"line":29},"4":{"name":"(anonymous_4)","decl":{"start":{"line":30,"column":28},"end":{"line":30,"column":29}},"loc":{"start":{"line":30,"column":55},"end":{"line":38,"column":9}},"line":30},"5":{"name":"(anonymous_5)","decl":{"start":{"line":33,"column":45},"end":{"line":33,"column":46}},"loc":{"start":{"line":33,"column":51},"end":{"line":33,"column":68}},"line":33}},"branchMap":{},"s":{"0":4,"1":4,"2":5,"3":5,"4":5,"5":5,"6":5,"7":5,"8":4,"9":4,"10":4,"11":4,"12":1,"13":1,"14":3,"15":3,"16":2,"17":2,"18":2,"19":1,"20":4,"21":1,"22":1},"f":{"0":5,"1":4,"2":4,"3":2,"4":2,"5":4},"b":{},"_coverageSchema":"1a1c01bbd47fc00a2c39e90264f33305004495a9","hash":"1625b1f1719c716f1b38bade849499bd525c8de5"}
,"C:\\Users\\user\\Desktop\\FP-acadamy\\side_project\\Personal_Assistance\\PA-Server\\models\\Task.js": {"path":"C:\\Users\\user\\Desktop\\FP-acadamy\\side_project\\Personal_Assistance\\PA-Server\\models\\Task.js","statementMap":{"0":{"start":{"line":1,"column":11},"end":{"line":1,"column":34}},"1":{"start":{"line":4,"column":0},"end":{"line":41,"column":2}},"2":{"start":{"line":6,"column":8},"end":{"line":6,"column":33}},"3":{"start":{"line":7,"column":8},"end":{"line":7,"column":34}},"4":{"start":{"line":8,"column":8},"end":{"line":8,"column":32}},"5":{"start":{"line":9,"column":8},"end":{"line":9,"column":44}},"6":{"start":{"line":10,"column":8},"end":{"line":10,"column":38}},"7":{"start":{"line":14,"column":8},"end":{"line":25,"column":11}},"8":{"start":{"line":15,"column":12},"end":{"line":24,"column":13}},"9":{"start":{"line":16,"column":64},"end":{"line":16,"column":72}},"10":{"start":{"line":17,"column":30},"end":{"line":17,"column":177}},"11":{"start":{"line":18,"column":29},"end":{"line":18,"column":54}},"12":{"start":{"line":19,"column":16},"end":{"line":19,"column":33}},"13":{"start":{"line":22,"column":16},"end":{"line":22,"column":33}},"14":{"start":{"line":23,"column":16},"end":{"line":23,"column":52}},"15":{"start":{"line":29,"column":8},"end":{"line":39,"column":10}},"16":{"start":{"line":30,"column":12},"end":{"line":38,"column":13}},"17":{"start":{"line":31,"column":31},"end":{"line":31,"column":99}},"18":{"start":{"line":32,"column":28},"end":{"line":34,"column":19}},"19":{"start":{"line":32,"column":50},"end":{"line":34,"column":17}},"20":{"start":{"line":35,"column":16},"end":{"line":35,"column":31}},"21":{"start":{"line":37,"column":16},"end":{"line":37,"column":43}}},"fnMap":{"0":{"name":"(anonymous_0)","decl":{"start":{"line":5,"column":4},"end":{"line":5,"column":5}},"loc":{"start":{"line":5,"column":21},"end":{"line":11,"column":5}},"line":5},"1":{"name":"(anonymous_1)","decl":{"start":{"line":13,"column":4},"end":{"line":13,"column":5}},"loc":{"start":{"line":13,"column":27},"end":{"line":26,"column":5}},"line":13},"2":{"name":"(anonymous_2)","decl":{"start":{"line":14,"column":28},"end":{"line":14,"column":29}},"loc":{"start":{"line":14,"column":55},"end":{"line":25,"column":9}},"line":14},"3":{"name":"(anonymous_3)","decl":{"start":{"line":28,"column":4},"end":{"line":28,"column":5}},"loc":{"start":{"line":28,"column":31},"end":{"line":40,"column":5}},"line":28},"4":{"name":"(anonymous_4)","decl":{"start":{"line":29,"column":28},"end":{"line":29,"column":29}},"loc":{"start":{"line":29,"column":55},"end":{"line":39,"column":9}},"line":29},"5":{"name":"(anonymous_5)","decl":{"start":{"line":32,"column":44},"end":{"line":32,"column":45}},"loc":{"start":{"line":32,"column":50},"end":{"line":34,"column":17}},"line":32}},"branchMap":{},"s":{"0":4,"1":4,"2":7,"3":7,"4":7,"5":7,"6":7,"7":4,"8":4,"9":4,"10":4,"11":1,"12":1,"13":3,"14":3,"15":2,"16":2,"17":2,"18":1,"19":6,"20":1,"21":1},"f":{"0":7,"1":4,"2":4,"3":2,"4":2,"5":6},"b":{},"_coverageSchema":"1a1c01bbd47fc00a2c39e90264f33305004495a9","hash":"85253d289cfc6ae882ffae9e323171ca647da05b"}
,"C:\\Users\\user\\Desktop\\FP-acadamy\\side_project\\Personal_Assistance\\PA-Server\\models\\Users.js": {"path":"C:\\Users\\user\\Desktop\\FP-acadamy\\side_project\\Personal_Assistance\\PA-Server\\models\\Users.js","statementMap":{"0":{"start":{"line":1,"column":11},"end":{"line":1,"column":34}},"1":{"start":{"line":4,"column":0},"end":{"line":52,"column":1}},"2":{"start":{"line":6,"column":8},"end":{"line":6,"column":34}},"3":{"start":{"line":7,"column":8},"end":{"line":7,"column":38}},"4":{"start":{"line":8,"column":8},"end":{"line":8,"column":38}},"5":{"start":{"line":9,"column":8},"end":{"line":9,"column":32}},"6":{"start":{"line":13,"column":8},"end":{"line":22,"column":10}},"7":{"start":{"line":14,"column":12},"end":{"line":21,"column":13}},"8":{"start":{"line":15,"column":16},"end":{"line":15,"column":46}},"9":{"start":{"line":16,"column":31},"end":{"line":16,"column":69}},"10":{"start":{"line":17,"column":30},"end":{"line":17,"column":124}},"11":{"start":{"line":17,"column":52},"end":{"line":17,"column":122}},"12":{"start":{"line":18,"column":16},"end":{"line":18,"column":31}},"13":{"start":{"line":20,"column":16},"end":{"line":20,"column":45}},"14":{"start":{"line":26,"column":8},"end":{"line":37,"column":11}},"15":{"start":{"line":27,"column":12},"end":{"line":36,"column":13}},"16":{"start":{"line":28,"column":53},"end":{"line":28,"column":61}},"17":{"start":{"line":29,"column":30},"end":{"line":29,"column":152}},"18":{"start":{"line":30,"column":29},"end":{"line":30,"column":54}},"19":{"start":{"line":31,"column":16},"end":{"line":31,"column":33}},"20":{"start":{"line":34,"column":16},"end":{"line":34,"column":33}},"21":{"start":{"line":35,"column":16},"end":{"line":35,"column":52}},"22":{"start":{"line":41,"column":8},"end":{"line":49,"column":10}},"23":{"start":{"line":42,"column":12},"end":{"line":48,"column":13}},"24":{"start":{"line":43,"column":31},"end":{"line":43,"column":103}},"25":{"start":{"line":44,"column":27},"end":{"line":44,"column":51}},"26":{"start":{"line":45,"column":16},"end":{"line":45,"column":30}},"27":{"start":{"line":47,"column":16},"end":{"line":47,"column":42}}},"fnMap":{"0":{"name":"(anonymous_0)","decl":{"start":{"line":5,"column":4},"end":{"line":5,"column":5}},"loc":{"start":{"line":5,"column":21},"end":{"line":10,"column":5}},"line":5},"1":{"name":"(anonymous_1)","decl":{"start":{"line":12,"column":4},"end":{"line":12,"column":5}},"loc":{"start":{"line":12,"column":20},"end":{"line":23,"column":5}},"line":12},"2":{"name":"(anonymous_2)","decl":{"start":{"line":13,"column":28},"end":{"line":13,"column":29}},"loc":{"start":{"line":13,"column":55},"end":{"line":22,"column":9}},"line":13},"3":{"name":"(anonymous_3)","decl":{"start":{"line":17,"column":46},"end":{"line":17,"column":47}},"loc":{"start":{"line":17,"column":52},"end":{"line":17,"column":122}},"line":17},"4":{"name":"(anonymous_4)","decl":{"start":{"line":25,"column":4},"end":{"line":25,"column":5}},"loc":{"start":{"line":25,"column":27},"end":{"line":38,"column":5}},"line":25},"5":{"name":"(anonymous_5)","decl":{"start":{"line":26,"column":28},"end":{"line":26,"column":29}},"loc":{"start":{"line":26,"column":55},"end":{"line":37,"column":9}},"line":26},"6":{"name":"(anonymous_6)","decl":{"start":{"line":40,"column":4},"end":{"line":40,"column":5}},"loc":{"start":{"line":40,"column":31},"end":{"line":50,"column":5}},"line":40},"7":{"name":"(anonymous_7)","decl":{"start":{"line":41,"column":28},"end":{"line":41,"column":29}},"loc":{"start":{"line":41,"column":55},"end":{"line":49,"column":9}},"line":41}},"branchMap":{},"s":{"0":4,"1":4,"2":2,"3":1,"4":1,"5":1,"6":1,"7":1,"8":1,"9":1,"10":1,"11":2,"12":1,"13":0,"14":0,"15":0,"16":0,"17":0,"18":0,"19":0,"20":0,"21":0,"22":2,"23":2,"24":2,"25":2,"26":1,"27":1},"f":{"0":2,"1":1,"2":1,"3":2,"4":0,"5":0,"6":2,"7":2},"b":{},"_coverageSchema":"1a1c01bbd47fc00a2c39e90264f33305004495a9","hash":"f1986765f7b29f2b229b34be8e5b2738f21064d1"}
,"C:\\Users\\user\\Desktop\\FP-acadamy\\side_project\\Personal_Assistance\\PA-Server\\routes\\eventsRoutes.js": {"path":"C:\\Users\\user\\Desktop\\FP-acadamy\\side_project\\Personal_Assistance\\PA-Server\\routes\\eventsRoutes.js","statementMap":{"0":{"start":{"line":1,"column":16},"end":{"line":1,"column":34}},"1":{"start":{"line":2,"column":15},"end":{"line":2,"column":31}},"2":{"start":{"line":3,"column":18},"end":{"line":3,"column":40}},"3":{"start":{"line":5,"column":24},"end":{"line":5,"column":66}},"4":{"start":{"line":8,"column":0},"end":{"line":8,"column":46}},"5":{"start":{"line":12,"column":0},"end":{"line":12,"column":24}}},"fnMap":{},"branchMap":{},"s":{"0":4,"1":4,"2":4,"3":4,"4":4,"5":4},"f":{},"b":{},"_coverageSchema":"1a1c01bbd47fc00a2c39e90264f33305004495a9","hash":"9e4a5a780eb7a8e919b79da241b2a9f858d3c572"}
,"C:\\Users\\user\\Desktop\\FP-acadamy\\side_project\\Personal_Assistance\\PA-Server\\routes\\newTaskEventRoute.js": {"path":"C:\\Users\\user\\Desktop\\FP-acadamy\\side_project\\Personal_Assistance\\PA-Server\\routes\\newTaskEventRoute.js","statementMap":{"0":{"start":{"line":1,"column":16},"end":{"line":1,"column":34}},"1":{"start":{"line":2,"column":15},"end":{"line":2,"column":31}},"2":{"start":{"line":3,"column":18},"end":{"line":3,"column":40}},"3":{"start":{"line":5,"column":31},"end":{"line":5,"column":79}},"4":{"start":{"line":8,"column":0},"end":{"line":8,"column":55}},"5":{"start":{"line":12,"column":0},"end":{"line":12,"column":24}}},"fnMap":{},"branchMap":{},"s":{"0":4,"1":4,"2":4,"3":4,"4":4,"5":4},"f":{},"b":{},"_coverageSchema":"1a1c01bbd47fc00a2c39e90264f33305004495a9","hash":"8589494e3b3d1c1a4521dbbfa0547c742d58541f"}
,"C:\\Users\\user\\Desktop\\FP-acadamy\\side_project\\Personal_Assistance\\PA-Server\\routes\\tasksRoutes.js": {"path":"C:\\Users\\user\\Desktop\\FP-acadamy\\side_project\\Personal_Assistance\\PA-Server\\routes\\tasksRoutes.js","statementMap":{"0":{"start":{"line":1,"column":16},"end":{"line":1,"column":34}},"1":{"start":{"line":2,"column":15},"end":{"line":2,"column":31}},"2":{"start":{"line":3,"column":18},"end":{"line":3,"column":40}},"3":{"start":{"line":5,"column":23},"end":{"line":5,"column":64}},"4":{"start":{"line":8,"column":0},"end":{"line":8,"column":44}},"5":{"start":{"line":11,"column":0},"end":{"line":11,"column":24}}},"fnMap":{},"branchMap":{},"s":{"0":4,"1":4,"2":4,"3":4,"4":4,"5":4},"f":{},"b":{},"_coverageSchema":"1a1c01bbd47fc00a2c39e90264f33305004495a9","hash":"3c54cb66b745570de6aa35a1ed53e5330218cc40"}
,"C:\\Users\\user\\Desktop\\FP-acadamy\\side_project\\Personal_Assistance\\PA-Server\\routes\\usersRoutes.js": {"path":"C:\\Users\\user\\Desktop\\FP-acadamy\\side_project\\Personal_Assistance\\PA-Server\\routes\\usersRoutes.js","statementMap":{"0":{"start":{"line":1,"column":16},"end":{"line":1,"column":34}},"1":{"start":{"line":2,"column":15},"end":{"line":2,"column":31}},"2":{"start":{"line":3,"column":12},"end":{"line":3,"column":35}},"3":{"start":{"line":4,"column":18},"end":{"line":4,"column":40}},"4":{"start":{"line":6,"column":23},"end":{"line":6,"column":64}},"5":{"start":{"line":10,"column":0},"end":{"line":10,"column":39}},"6":{"start":{"line":11,"column":0},"end":{"line":11,"column":49}},"7":{"start":{"line":12,"column":0},"end":{"line":12,"column":50}},"8":{"start":{"line":15,"column":0},"end":{"line":15,"column":63}},"9":{"start":{"line":17,"column":0},"end":{"line":17,"column":24}}},"fnMap":{},"branchMap":{},"s":{"0":4,"1":4,"2":4,"3":4,"4":4,"5":4,"6":4,"7":4,"8":4,"9":4},"f":{},"b":{},"_coverageSchema":"1a1c01bbd47fc00a2c39e90264f33305004495a9","hash":"5b57891e21e5807d6a41efc0bf3fc586eacc3b92"}
,"C:\\Users\\user\\Desktop\\FP-acadamy\\side_project\\Personal_Assistance\\PA-Server\\routes\\verifyJWT.js": {"path":"C:\\Users\\user\\Desktop\\FP-acadamy\\side_project\\Personal_Assistance\\PA-Server\\routes\\verifyJWT.js","statementMap":{"0":{"start":{"line":1,"column":12},"end":{"line":1,"column":35}},"1":{"start":{"line":3,"column":18},"end":{"line":17,"column":1}},"2":{"start":{"line":4,"column":18},"end":{"line":4,"column":45}},"3":{"start":{"line":5,"column":4},"end":{"line":16,"column":5}},"4":{"start":{"line":6,"column":8},"end":{"line":6,"column":24}},"5":{"start":{"line":8,"column":8},"end":{"line":15,"column":10}},"6":{"start":{"line":9,"column":12},"end":{"line":14,"column":13}},"7":{"start":{"line":10,"column":16},"end":{"line":10,"column":42}},"8":{"start":{"line":12,"column":16},"end":{"line":12,"column":40}},"9":{"start":{"line":13,"column":16},"end":{"line":13,"column":23}},"10":{"start":{"line":18,"column":0},"end":{"line":18,"column":27}}},"fnMap":{"0":{"name":"(anonymous_0)","decl":{"start":{"line":3,"column":18},"end":{"line":3,"column":19}},"loc":{"start":{"line":3,"column":38},"end":{"line":17,"column":1}},"line":3},"1":{"name":"(anonymous_1)","decl":{"start":{"line":8,"column":50},"end":{"line":8,"column":51}},"loc":{"start":{"line":8,"column":67},"end":{"line":15,"column":9}},"line":8}},"branchMap":{"0":{"loc":{"start":{"line":5,"column":4},"end":{"line":16,"column":5}},"type":"if","locations":[{"start":{"line":5,"column":4},"end":{"line":16,"column":5}},{"start":{"line":7,"column":11},"end":{"line":16,"column":5}}],"line":5},"1":{"loc":{"start":{"line":9,"column":12},"end":{"line":14,"column":13}},"type":"if","locations":[{"start":{"line":9,"column":12},"end":{"line":14,"column":13}},{"start":{"line":11,"column":17},"end":{"line":14,"column":13}}],"line":9}},"s":{"0":4,"1":4,"2":0,"3":0,"4":0,"5":0,"6":0,"7":0,"8":0,"9":0,"10":4},"f":{"0":0,"1":0},"b":{"0":[0,0],"1":[0,0]},"_coverageSchema":"1a1c01bbd47fc00a2c39e90264f33305004495a9","hash":"b3f5c4447e2132f32a0b26efb7e870d83e819819"}
}
