{"C:\\Users\\user\\Desktop\\FP-acadamy\\side_project\\Personal_Assistance\\PA-Server\\db.config.js": {"path":"C:\\Users\\user\\Desktop\\FP-acadamy\\side_project\\Personal_Assistance\\PA-Server\\db.config.js","statementMap":{"0":{"start":{"line":1,"column":17},"end":{"line":1,"column":30}},"1":{"start":{"line":4,"column":13},"end":{"line":11,"column":2}},"2":{"start":{"line":14,"column":0},"end":{"line":14,"column":22}}},"fnMap":{},"branchMap":{},"s":{"0":1,"1":1,"2":1},"f":{},"b":{},"_coverageSchema":"1a1c01bbd47fc00a2c39e90264f33305004495a9","hash":"0bdc3ac4ef42fb8da45801f187fba4c2435b0ebc"}
,"C:\\Users\\user\\Desktop\\FP-acadamy\\side_project\\Personal_Assistance\\PA-Server\\server.js": {"path":"C:\\Users\\user\\Desktop\\FP-acadamy\\side_project\\Personal_Assistance\\PA-Server\\server.js","statementMap":{"0":{"start":{"line":1,"column":16},"end":{"line":1,"column":34}},"1":{"start":{"line":2,"column":19},"end":{"line":2,"column":41}},"2":{"start":{"line":3,"column":13},"end":{"line":3,"column":28}},"3":{"start":{"line":4,"column":15},"end":{"line":4,"column":24}},"4":{"start":{"line":5,"column":0},"end":{"line":5,"column":27}},"5":{"start":{"line":7,"column":19},"end":{"line":7,"column":50}},"6":{"start":{"line":9,"column":0},"end":{"line":9,"column":19}},"7":{"start":{"line":10,"column":0},"end":{"line":10,"column":27}},"8":{"start":{"line":12,"column":0},"end":{"line":12,"column":32}},"9":{"start":{"line":14,"column":0},"end":{"line":14,"column":75}},"10":{"start":{"line":14,"column":30},"end":{"line":14,"column":74}},"11":{"start":{"line":17,"column":0},"end":{"line":17,"column":23}}},"fnMap":{"0":{"name":"(anonymous_0)","decl":{"start":{"line":14,"column":16},"end":{"line":14,"column":17}},"loc":{"start":{"line":14,"column":30},"end":{"line":14,"column":74}},"line":14}},"branchMap":{},"s":{"0":1,"1":1,"2":1,"3":1,"4":1,"5":1,"6":1,"7":1,"8":1,"9":1,"10":0,"11":1},"f":{"0":0},"b":{},"_coverageSchema":"1a1c01bbd47fc00a2c39e90264f33305004495a9","hash":"6f8b878d5cc0a49609d2fcd232dd2d3e4cdf0044"}
,"C:\\Users\\user\\Desktop\\FP-acadamy\\side_project\\Personal_Assistance\\PA-Server\\controllers\\usersController.js": {"path":"C:\\Users\\user\\Desktop\\FP-acadamy\\side_project\\Personal_Assistance\\PA-Server\\controllers\\usersController.js","statementMap":{"0":{"start":{"line":1,"column":13},"end":{"line":1,"column":39}},"1":{"start":{"line":2,"column":15},"end":{"line":2,"column":32}},"2":{"start":{"line":3,"column":12},"end":{"line":3,"column":35}},"3":{"start":{"line":6,"column":4},"end":{"line":11,"column":5}},"4":{"start":{"line":7,"column":22},"end":{"line":7,"column":36}},"5":{"start":{"line":8,"column":8},"end":{"line":8,"column":36}},"6":{"start":{"line":10,"column":8},"end":{"line":10,"column":36}},"7":{"start":{"line":15,"column":4},"end":{"line":27,"column":5}},"8":{"start":{"line":16,"column":8},"end":{"line":16,"column":30}},"9":{"start":{"line":17,"column":21},"end":{"line":17,"column":43}},"10":{"start":{"line":18,"column":23},"end":{"line":18,"column":65}},"11":{"start":{"line":19,"column":21},"end":{"line":23,"column":10}},"12":{"start":{"line":24,"column":8},"end":{"line":24,"column":34}},"13":{"start":{"line":26,"column":8},"end":{"line":26,"column":61}},"14":{"start":{"line":31,"column":4},"end":{"line":57,"column":9}},"15":{"start":{"line":32,"column":21},"end":{"line":32,"column":61}},"16":{"start":{"line":33,"column":8},"end":{"line":33,"column":70}},"17":{"start":{"line":33,"column":19},"end":{"line":33,"column":69}},"18":{"start":{"line":34,"column":23},"end":{"line":34,"column":77}},"19":{"start":{"line":36,"column":8},"end":{"line":53,"column":9}},"20":{"start":{"line":37,"column":23},"end":{"line":37,"column":34}},"21":{"start":{"line":38,"column":27},"end":{"line":38,"column":49}},"22":{"start":{"line":39,"column":26},"end":{"line":41,"column":14}},"23":{"start":{"line":43,"column":12},"end":{"line":49,"column":14}},"24":{"start":{"line":52,"column":12},"end":{"line":52,"column":62}},"25":{"start":{"line":56,"column":12},"end":{"line":56,"column":91}},"26":{"start":{"line":61,"column":4},"end":{"line":61,"column":20}},"27":{"start":{"line":64,"column":0},"end":{"line":64,"column":72}}},"fnMap":{"0":{"name":"display","decl":{"start":{"line":5,"column":15},"end":{"line":5,"column":22}},"loc":{"start":{"line":5,"column":33},"end":{"line":12,"column":1}},"line":5},"1":{"name":"registerRequest","decl":{"start":{"line":14,"column":15},"end":{"line":14,"column":30}},"loc":{"start":{"line":14,"column":40},"end":{"line":28,"column":1}},"line":14},"2":{"name":"loginRequest","decl":{"start":{"line":30,"column":15},"end":{"line":30,"column":27}},"loc":{"start":{"line":30,"column":38},"end":{"line":58,"column":1}},"line":30},"3":{"name":"getUserInfo","decl":{"start":{"line":60,"column":15},"end":{"line":60,"column":26}},"loc":{"start":{"line":60,"column":36},"end":{"line":62,"column":1}},"line":60}},"branchMap":{"0":{"loc":{"start":{"line":33,"column":8},"end":{"line":33,"column":70}},"type":"if","locations":[{"start":{"line":33,"column":8},"end":{"line":33,"column":70}},{"start":{},"end":{}}],"line":33},"1":{"loc":{"start":{"line":36,"column":8},"end":{"line":53,"column":9}},"type":"if","locations":[{"start":{"line":36,"column":8},"end":{"line":53,"column":9}},{"start":{"line":51,"column":15},"end":{"line":53,"column":9}}],"line":36}},"s":{"0":1,"1":1,"2":1,"3":1,"4":1,"5":1,"6":0,"7":0,"8":0,"9":0,"10":0,"11":0,"12":0,"13":0,"14":2,"15":2,"16":1,"17":0,"18":1,"19":1,"20":1,"21":1,"22":1,"23":1,"24":0,"25":1,"26":0,"27":1},"f":{"0":1,"1":0,"2":2,"3":0},"b":{"0":[0,1],"1":[1,0]},"_coverageSchema":"1a1c01bbd47fc00a2c39e90264f33305004495a9","hash":"ee37a71fe53908f0318ab663edbdc5520452e842"}
,"C:\\Users\\user\\Desktop\\FP-acadamy\\side_project\\Personal_Assistance\\PA-Server\\models\\Users.js": {"path":"C:\\Users\\user\\Desktop\\FP-acadamy\\side_project\\Personal_Assistance\\PA-Server\\models\\Users.js","statementMap":{"0":{"start":{"line":1,"column":11},"end":{"line":1,"column":34}},"1":{"start":{"line":4,"column":0},"end":{"line":54,"column":1}},"2":{"start":{"line":6,"column":8},"end":{"line":6,"column":34}},"3":{"start":{"line":7,"column":8},"end":{"line":7,"column":38}},"4":{"start":{"line":8,"column":8},"end":{"line":8,"column":38}},"5":{"start":{"line":9,"column":8},"end":{"line":9,"column":32}},"6":{"start":{"line":13,"column":8},"end":{"line":22,"column":10}},"7":{"start":{"line":14,"column":12},"end":{"line":21,"column":13}},"8":{"start":{"line":15,"column":16},"end":{"line":15,"column":46}},"9":{"start":{"line":16,"column":31},"end":{"line":16,"column":69}},"10":{"start":{"line":17,"column":30},"end":{"line":17,"column":124}},"11":{"start":{"line":17,"column":52},"end":{"line":17,"column":122}},"12":{"start":{"line":18,"column":16},"end":{"line":18,"column":31}},"13":{"start":{"line":20,"column":16},"end":{"line":20,"column":45}},"14":{"start":{"line":26,"column":8},"end":{"line":39,"column":11}},"15":{"start":{"line":27,"column":12},"end":{"line":38,"column":13}},"16":{"start":{"line":28,"column":16},"end":{"line":28,"column":42}},"17":{"start":{"line":29,"column":53},"end":{"line":29,"column":61}},"18":{"start":{"line":30,"column":30},"end":{"line":30,"column":152}},"19":{"start":{"line":31,"column":29},"end":{"line":31,"column":54}},"20":{"start":{"line":32,"column":16},"end":{"line":32,"column":38}},"21":{"start":{"line":33,"column":16},"end":{"line":33,"column":33}},"22":{"start":{"line":36,"column":16},"end":{"line":36,"column":33}},"23":{"start":{"line":37,"column":16},"end":{"line":37,"column":52}},"24":{"start":{"line":43,"column":8},"end":{"line":51,"column":10}},"25":{"start":{"line":44,"column":12},"end":{"line":50,"column":13}},"26":{"start":{"line":45,"column":31},"end":{"line":45,"column":103}},"27":{"start":{"line":46,"column":27},"end":{"line":46,"column":51}},"28":{"start":{"line":47,"column":16},"end":{"line":47,"column":30}},"29":{"start":{"line":49,"column":16},"end":{"line":49,"column":42}}},"fnMap":{"0":{"name":"(anonymous_0)","decl":{"start":{"line":5,"column":4},"end":{"line":5,"column":5}},"loc":{"start":{"line":5,"column":21},"end":{"line":10,"column":5}},"line":5},"1":{"name":"(anonymous_1)","decl":{"start":{"line":12,"column":4},"end":{"line":12,"column":5}},"loc":{"start":{"line":12,"column":20},"end":{"line":23,"column":5}},"line":12},"2":{"name":"(anonymous_2)","decl":{"start":{"line":13,"column":28},"end":{"line":13,"column":29}},"loc":{"start":{"line":13,"column":55},"end":{"line":22,"column":9}},"line":13},"3":{"name":"(anonymous_3)","decl":{"start":{"line":17,"column":46},"end":{"line":17,"column":47}},"loc":{"start":{"line":17,"column":52},"end":{"line":17,"column":122}},"line":17},"4":{"name":"(anonymous_4)","decl":{"start":{"line":25,"column":4},"end":{"line":25,"column":5}},"loc":{"start":{"line":25,"column":27},"end":{"line":40,"column":5}},"line":25},"5":{"name":"(anonymous_5)","decl":{"start":{"line":26,"column":28},"end":{"line":26,"column":29}},"loc":{"start":{"line":26,"column":55},"end":{"line":39,"column":9}},"line":26},"6":{"name":"(anonymous_6)","decl":{"start":{"line":42,"column":4},"end":{"line":42,"column":5}},"loc":{"start":{"line":42,"column":31},"end":{"line":52,"column":5}},"line":42},"7":{"name":"(anonymous_7)","decl":{"start":{"line":43,"column":28},"end":{"line":43,"column":29}},"loc":{"start":{"line":43,"column":55},"end":{"line":51,"column":9}},"line":43}},"branchMap":{},"s":{"0":1,"1":1,"2":2,"3":1,"4":1,"5":1,"6":1,"7":1,"8":1,"9":1,"10":1,"11":1,"12":1,"13":0,"14":0,"15":0,"16":0,"17":0,"18":0,"19":0,"20":0,"21":0,"22":0,"23":0,"24":2,"25":2,"26":2,"27":2,"28":1,"29":1},"f":{"0":2,"1":1,"2":1,"3":1,"4":0,"5":0,"6":2,"7":2},"b":{},"_coverageSchema":"1a1c01bbd47fc00a2c39e90264f33305004495a9","hash":"a17b426da98788c3ecc2f0955e43fe2f12a922d3"}
,"C:\\Users\\user\\Desktop\\FP-acadamy\\side_project\\Personal_Assistance\\PA-Server\\routes\\usersRoutes.js": {"path":"C:\\Users\\user\\Desktop\\FP-acadamy\\side_project\\Personal_Assistance\\PA-Server\\routes\\usersRoutes.js","statementMap":{"0":{"start":{"line":1,"column":16},"end":{"line":1,"column":34}},"1":{"start":{"line":2,"column":15},"end":{"line":2,"column":31}},"2":{"start":{"line":3,"column":12},"end":{"line":3,"column":35}},"3":{"start":{"line":5,"column":23},"end":{"line":5,"column":64}},"4":{"start":{"line":7,"column":18},"end":{"line":22,"column":1}},"5":{"start":{"line":8,"column":18},"end":{"line":8,"column":45}},"6":{"start":{"line":10,"column":4},"end":{"line":21,"column":5}},"7":{"start":{"line":11,"column":8},"end":{"line":11,"column":24}},"8":{"start":{"line":13,"column":8},"end":{"line":20,"column":10}},"9":{"start":{"line":14,"column":12},"end":{"line":19,"column":13}},"10":{"start":{"line":15,"column":16},"end":{"line":15,"column":42}},"11":{"start":{"line":17,"column":16},"end":{"line":17,"column":40}},"12":{"start":{"line":18,"column":16},"end":{"line":18,"column":23}},"13":{"start":{"line":24,"column":0},"end":{"line":24,"column":39}},"14":{"start":{"line":25,"column":0},"end":{"line":25,"column":49}},"15":{"start":{"line":26,"column":0},"end":{"line":26,"column":50}},"16":{"start":{"line":29,"column":0},"end":{"line":29,"column":63}},"17":{"start":{"line":31,"column":0},"end":{"line":31,"column":24}}},"fnMap":{"0":{"name":"(anonymous_0)","decl":{"start":{"line":7,"column":18},"end":{"line":7,"column":19}},"loc":{"start":{"line":7,"column":38},"end":{"line":22,"column":1}},"line":7},"1":{"name":"(anonymous_1)","decl":{"start":{"line":13,"column":50},"end":{"line":13,"column":51}},"loc":{"start":{"line":13,"column":67},"end":{"line":20,"column":9}},"line":13}},"branchMap":{"0":{"loc":{"start":{"line":10,"column":4},"end":{"line":21,"column":5}},"type":"if","locations":[{"start":{"line":10,"column":4},"end":{"line":21,"column":5}},{"start":{"line":12,"column":11},"end":{"line":21,"column":5}}],"line":10},"1":{"loc":{"start":{"line":14,"column":12},"end":{"line":19,"column":13}},"type":"if","locations":[{"start":{"line":14,"column":12},"end":{"line":19,"column":13}},{"start":{"line":16,"column":17},"end":{"line":19,"column":13}}],"line":14}},"s":{"0":1,"1":1,"2":1,"3":1,"4":1,"5":0,"6":0,"7":0,"8":0,"9":0,"10":0,"11":0,"12":0,"13":1,"14":1,"15":1,"16":1,"17":1},"f":{"0":0,"1":0},"b":{"0":[0,0],"1":[0,0]},"_coverageSchema":"1a1c01bbd47fc00a2c39e90264f33305004495a9","hash":"1a144737b0bc9ea1733ecf4c47959e2590dda3d2"}
}
