TN:
SF:db.config.js
FNF:0
FNH:0
DA:1,4
DA:4,4
DA:14,4
LF:3
LH:3
BRF:0
BRH:0
end_of_record
TN:
SF:server.js
FN:21,(anonymous_0)
FNF:1
FNH:0
FNDA:0,(anonymous_0)
DA:1,4
DA:2,4
DA:3,4
DA:4,4
DA:5,4
DA:7,4
DA:8,4
DA:9,4
DA:10,4
DA:12,4
DA:13,4
DA:15,4
DA:16,4
DA:17,4
DA:18,4
DA:21,4
DA:24,4
LF:17
LH:17
BRF:0
BRH:0
end_of_record
TN:
SF:controllers\eventsController.js
FN:4,getEvents
FNF:1
FNH:1
FNDA:2,getEvents
DA:1,4
DA:5,2
DA:6,2
DA:7,1
DA:10,1
DA:14,4
LF:6
LH:6
BRF:0
BRH:0
end_of_record
TN:
SF:controllers\newTaskEventController.js
FN:5,createRequest
FNF:1
FNH:1
FNDA:8,createRequest
DA:1,4
DA:2,4
DA:6,8
DA:7,8
DA:8,4
DA:14,1
DA:15,4
DA:16,4
DA:23,1
DA:25,0
DA:28,6
DA:32,4
LF:12
LH:11
BRDA:7,0,0,4
BRDA:7,0,1,4
BRDA:15,1,0,4
BRDA:15,1,1,0
BRF:4
BRH:3
end_of_record
TN:
SF:controllers\tasksController.js
FN:4,getTasks
FNF:1
FNH:1
FNDA:2,getTasks
DA:1,4
DA:5,2
DA:6,2
DA:7,1
DA:9,1
DA:13,4
LF:6
LH:6
BRF:0
BRH:0
end_of_record
TN:
SF:controllers\usersController.js
FN:5,display
FN:14,registerRequest
FN:29,loginRequest
FN:59,getUserInfo
FNF:4
FNH:2
FNDA:1,display
FNDA:0,registerRequest
FNDA:2,loginRequest
FNDA:0,getUserInfo
DA:1,4
DA:2,4
DA:3,4
DA:6,1
DA:7,1
DA:8,1
DA:10,0
DA:15,0
DA:16,0
DA:17,0
DA:18,0
DA:23,0
DA:25,0
DA:30,2
DA:31,2
DA:32,1
DA:33,1
DA:35,1
DA:36,1
DA:37,1
DA:38,1
DA:42,1
DA:51,0
DA:55,1
DA:60,0
DA:63,4
LF:26
LH:17
BRDA:32,0,0,0
BRDA:32,0,1,1
BRDA:35,1,0,1
BRDA:35,1,1,0
BRF:4
BRH:2
end_of_record
TN:
SF:models\Event.js
FN:5,(anonymous_0)
FN:14,(anonymous_1)
FN:15,(anonymous_2)
FN:29,(anonymous_3)
FN:30,(anonymous_4)
FN:33,(anonymous_5)
FNF:6
FNH:6
FNDA:5,(anonymous_0)
FNDA:4,(anonymous_1)
FNDA:4,(anonymous_2)
FNDA:2,(anonymous_3)
FNDA:2,(anonymous_4)
FNDA:4,(anonymous_5)
DA:1,4
DA:4,4
DA:6,5
DA:7,5
DA:8,5
DA:9,5
DA:10,5
DA:11,5
DA:15,4
DA:16,4
DA:17,4
DA:18,4
DA:19,1
DA:20,1
DA:23,3
DA:24,3
DA:30,2
DA:31,2
DA:32,2
DA:33,4
DA:34,1
DA:36,1
LF:22
LH:22
BRF:0
BRH:0
end_of_record
TN:
SF:models\Task.js
FN:5,(anonymous_0)
FN:13,(anonymous_1)
FN:14,(anonymous_2)
FN:28,(anonymous_3)
FN:29,(anonymous_4)
FN:32,(anonymous_5)
FNF:6
FNH:6
FNDA:7,(anonymous_0)
FNDA:4,(anonymous_1)
FNDA:4,(anonymous_2)
FNDA:2,(anonymous_3)
FNDA:2,(anonymous_4)
FNDA:6,(anonymous_5)
DA:1,4
DA:4,4
DA:6,7
DA:7,7
DA:8,7
DA:9,7
DA:10,7
DA:14,4
DA:15,4
DA:16,4
DA:17,4
DA:18,1
DA:19,1
DA:22,3
DA:23,3
DA:29,2
DA:30,2
DA:31,2
DA:32,6
DA:35,1
DA:37,1
LF:21
LH:21
BRF:0
BRH:0
end_of_record
TN:
SF:models\Users.js
FN:5,(anonymous_0)
FN:12,(anonymous_1)
FN:13,(anonymous_2)
FN:17,(anonymous_3)
FN:25,(anonymous_4)
FN:26,(anonymous_5)
FN:40,(anonymous_6)
FN:41,(anonymous_7)
FNF:8
FNH:6
FNDA:2,(anonymous_0)
FNDA:1,(anonymous_1)
FNDA:1,(anonymous_2)
FNDA:2,(anonymous_3)
FNDA:0,(anonymous_4)
FNDA:0,(anonymous_5)
FNDA:2,(anonymous_6)
FNDA:2,(anonymous_7)
DA:1,4
DA:4,4
DA:6,2
DA:7,1
DA:8,1
DA:9,1
DA:13,1
DA:14,1
DA:15,1
DA:16,1
DA:17,2
DA:18,1
DA:20,0
DA:26,0
DA:27,0
DA:28,0
DA:29,0
DA:30,0
DA:31,0
DA:34,0
DA:35,0
DA:41,2
DA:42,2
DA:43,2
DA:44,2
DA:45,1
DA:47,1
LF:27
LH:18
BRF:0
BRH:0
end_of_record
TN:
SF:routes\eventsRoutes.js
FNF:0
FNH:0
DA:1,4
DA:2,4
DA:3,4
DA:5,4
DA:8,4
DA:12,4
LF:6
LH:6
BRF:0
BRH:0
end_of_record
TN:
SF:routes\newTaskEventRoute.js
FNF:0
FNH:0
DA:1,4
DA:2,4
DA:3,4
DA:5,4
DA:8,4
DA:12,4
LF:6
LH:6
BRF:0
BRH:0
end_of_record
TN:
SF:routes\tasksRoutes.js
FNF:0
FNH:0
DA:1,4
DA:2,4
DA:3,4
DA:5,4
DA:8,4
DA:11,4
LF:6
LH:6
BRF:0
BRH:0
end_of_record
TN:
SF:routes\usersRoutes.js
FNF:0
FNH:0
DA:1,4
DA:2,4
DA:3,4
DA:4,4
DA:6,4
DA:10,4
DA:11,4
DA:12,4
DA:15,4
DA:17,4
LF:10
LH:10
BRF:0
BRH:0
end_of_record
TN:
SF:routes\verifyJWT.js
FN:3,(anonymous_0)
FN:8,(anonymous_1)
FNF:2
FNH:0
FNDA:0,(anonymous_0)
FNDA:0,(anonymous_1)
DA:1,4
DA:3,4
DA:4,0
DA:5,0
DA:6,0
DA:8,0
DA:9,0
DA:10,0
DA:12,0
DA:13,0
DA:18,4
LF:11
LH:3
BRDA:5,0,0,0
BRDA:5,0,1,0
BRDA:9,1,0,0
BRDA:9,1,1,0
BRF:4
BRH:0
end_of_record
